<?xml version="1.0" encoding="UTF-8"?>
<!-- Generated by org.testng.reporters.JUnitXMLReporter -->
<testsuite hostname="IBM-Testing01" ignored="1" name="Default test" tests="1" failures="0" timestamp="10 Jan 2020 11:17:57 GMT" time="9.868" errors="0">
  <testcase name="checkitle" time="0.042" classname="mymaven.VerifyGooglePAge"/>
  <testcase name="checklogo" time="0.0" classname="mymaven.VerifyGooglePAge">
    <ignored/>
  </testcase> <!-- checklogo -->
</testsuite> <!-- Default test -->
