<?xml version="1.0" encoding="UTF-8"?>
<testng-results skipped="0" failed="0" ignored="1" total="2" passed="1">
  <reporter-output>
  </reporter-output>
  <suite name="Default suite" duration-ms="9868" started-at="2020-01-10T11:17:48Z" finished-at="2020-01-10T11:17:57Z">
    <groups>
    </groups>
    <test name="Default test" duration-ms="9868" started-at="2020-01-10T11:17:48Z" finished-at="2020-01-10T11:17:57Z">
      <class name="mymaven.VerifyGooglePAge">
        <test-method status="PASS" signature="startup()[pri:0, instance:mymaven.VerifyGooglePAge@5b275dab]" name="startup" is-config="true" duration-ms="9037" started-at="2020-01-10T11:17:48Z" finished-at="2020-01-10T11:17:57Z">
          <reporter-output>
          </reporter-output>
        </test-method> <!-- startup -->
        <test-method status="PASS" signature="checkitle()[pri:0, instance:mymaven.VerifyGooglePAge@5b275dab]" name="checkitle" duration-ms="42" started-at="2020-01-10T11:17:57Z" finished-at="2020-01-10T11:17:57Z">
          <reporter-output>
          </reporter-output>
        </test-method> <!-- checkitle -->
        <test-method status="PASS" signature="cosebrowser()[pri:0, instance:mymaven.VerifyGooglePAge@5b275dab]" name="cosebrowser" is-config="true" duration-ms="749" started-at="2020-01-10T11:17:57Z" finished-at="2020-01-10T11:17:57Z">
          <reporter-output>
          </reporter-output>
        </test-method> <!-- cosebrowser -->
      </class> <!-- mymaven.VerifyGooglePAge -->
    </test> <!-- Default test -->
  </suite> <!-- Default suite -->
</testng-results>
